<?xml version="1.0" encoding="UTF-8"?>
<!-- Generated by org.testng.reporters.JUnitReportReporter -->
<testsuite hostname="INFESCO" failures="0" tests="1" name="testPKG.Sauce_Task_Test" time="20.267" errors="0" timestamp="2024-09-01T11:39:42 IST" skipped="0">
  <testcase classname="testPKG.Sauce_Task_Test" name="MainTask" time="20.267"/>
</testsuite> <!-- testPKG.Sauce_Task_Test -->
