<?xml version="1.0" encoding="UTF-8"?>
<!-- Generated by org.testng.reporters.JUnitReportReporter -->
<testsuite hostname="INFESCO" failures="0" tests="1" name="testPKG.GoogleSearch_Test" time="0.449" errors="0" timestamp="2024-08-30T18:02:18 IST" skipped="0">
  <testcase classname="testPKG.GoogleSearch_Test" name="test" time="0.449"/>
</testsuite> <!-- testPKG.GoogleSearch_Test -->
